d:\programm\project visual studio 2019\for курсач\kursachproject1\debug\vc142.pdb
d:\programm\project visual studio 2019\for курсач\kursachproject1\debug\.netframework,version=v4.7.2.assemblyattributes.obj
d:\programm\project visual studio 2019\for курсач\kursachproject1\debug\send_mail_form.obj
d:\programm\project visual studio 2019\for курсач\kursachproject1\debug\searchautoform.obj
d:\programm\project visual studio 2019\for курсач\kursachproject1\debug\myoptions.obj
d:\programm\project visual studio 2019\for курсач\kursachproject1\debug\mykatalog.obj
d:\programm\project visual studio 2019\for курсач\kursachproject1\debug\myform.obj
d:\programm\project visual studio 2019\for курсач\kursachproject1\debug\myaboutwind.obj
d:\programm\project visual studio 2019\for курсач\kursachproject1\debug\bunifu_ui_v1.52.dll
d:\programm\project visual studio 2019\for курсач\kursachproject1\debug\kursachproject1.myaboutwind.resources
d:\programm\project visual studio 2019\for курсач\kursachproject1\debug\kursachproject1.myform.resources
d:\programm\project visual studio 2019\for курсач\kursachproject1\debug\kursachproject1.mykatalog.resources
d:\programm\project visual studio 2019\for курсач\kursachproject1\debug\kursachproject1.myoptions.resources
d:\programm\project visual studio 2019\for курсач\kursachproject1\debug\kursachproject1.searchautoform.resources
d:\programm\project visual studio 2019\for курсач\kursachproject1\debug\kursachproject1.send_mail_form.resources
d:\programm\project visual studio 2019\for курсач\kursachproject1\debug\kursachproject1.exe
d:\programm\project visual studio 2019\for курсач\kursachproject1\debug\kursachproject1.pdb
d:\programm\project visual studio 2019\for курсач\kursachproject1\debug\kursachproject1.tlog\metagen.write.1.tlog
d:\programm\project visual studio 2019\for курсач\kursachproject1\debug\kursachproject1.exe.metagen
d:\programm\project visual studio 2019\for курсач\kursachproject1\debug\kursachproject1.tlog\cl.command.1.tlog
d:\programm\project visual studio 2019\for курсач\kursachproject1\debug\kursachproject1.tlog\cl.read.1.tlog
d:\programm\project visual studio 2019\for курсач\kursachproject1\debug\kursachproject1.tlog\cl.write.1.tlog
d:\programm\project visual studio 2019\for курсач\kursachproject1\debug\kursachproject1.tlog\copylocal.read.1u.tlog
d:\programm\project visual studio 2019\for курсач\kursachproject1\debug\kursachproject1.tlog\copylocal.write.1u.tlog
d:\programm\project visual studio 2019\for курсач\kursachproject1\debug\kursachproject1.tlog\kursachproject1.write.1u.tlog
d:\programm\project visual studio 2019\for курсач\kursachproject1\debug\kursachproject1.tlog\link.command.1.tlog
d:\programm\project visual studio 2019\for курсач\kursachproject1\debug\kursachproject1.tlog\link.read.1.tlog
d:\programm\project visual studio 2019\for курсач\kursachproject1\debug\kursachproject1.tlog\link.write.1.tlog
d:\programm\project visual studio 2019\for курсач\kursachproject1\debug\kursachproject1.tlog\metagen.read.1.tlog
d:\programm\project visual studio 2019\for курсач\kursachproject1\debug\kursachproject1.tlog\bunifu_ui_v1.52.dll.metagen
d:\programm\project visual studio 2019\for курсач\kursachproject1\debug\kursachproject1.tlog\interop.microsoft.office.interop.excel.1.9.dll.metagen
